# JRE version: OpenJDK Runtime Environment (19.0.1+10) (build 19.0.1+10-21)
# Java VM: OpenJDK 64-Bit Server VM (19.0.1+10-21, mixed mode, sharing, tiered, compressed oops, compressed class ptrs, g1 gc, bsd-aarch64)
Heap:
 garbage-first heap   total 106496K, used 38608K [0x0000000700000000, 0x0000000800000000)
  region size 2048K, 7 young (14336K), 3 survivors (6144K)
 Metaspace       used 23155K, committed 23552K, reserved 1114112K
  class space    used 3073K, committed 3264K, reserved 1048576K
GC Heap History (8 events):
Event: 1.061 GC heap before
{Heap before GC invocations=0 (full 0):
 garbage-first heap   total 266240K, used 22496K [0x0000000700000000, 0x0000000800000000)
  region size 2048K, 11 young (22528K), 0 survivors (0K)
 Metaspace       used 3944K, committed 4096K, reserved 1114112K
  class space    used 380K, committed 448K, reserved 1048576K
}
Event: 1.063 GC heap after
{Heap after GC invocations=1 (full 0):
 garbage-first heap   total 266240K, used 5010K [0x0000000700000000, 0x0000000800000000)
  region size 2048K, 2 young (4096K), 2 survivors (4096K)
 Metaspace       used 3944K, committed 4096K, reserved 1114112K
  class space    used 380K, committed 448K, reserved 1048576K
}
Event: 2.072 GC heap before
{Heap before GC invocations=1 (full 0):
 garbage-first heap   total 266240K, used 74642K [0x0000000700000000, 0x0000000800000000)
  region size 2048K, 32 young (65536K), 2 survivors (4096K)
 Metaspace       used 20250K, committed 20608K, reserved 1114112K
  class space    used 2721K, committed 2880K, reserved 1048576K
}
Event: 2.079 GC heap after
{Heap after GC invocations=2 (full 0):
 garbage-first heap   total 266240K, used 24556K [0x0000000700000000, 0x0000000800000000)
  region size 2048K, 4 young (8192K), 4 survivors (8192K)
 Metaspace       used 20250K, committed 20608K, reserved 1114112K
  class space    used 2721K, committed 2880K, reserved 1048576K
}
Event: 2.488 GC heap before
{Heap before GC invocations=2 (full 0):
 garbage-first heap   total 266240K, used 34796K [0x0000000700000000, 0x0000000800000000)
  region size 2048K, 10 young (20480K), 4 survivors (8192K)
 Metaspace       used 21118K, committed 21504K, reserved 1114112K
  class space    used 2824K, committed 3008K, reserved 1048576K
}
Event: 2.494 GC heap after
{Heap after GC invocations=3 (full 0):
 garbage-first heap   total 266240K, used 26863K [0x0000000700000000, 0x0000000800000000)
  region size 2048K, 2 young (4096K), 2 survivors (4096K)
 Metaspace       used 21118K, committed 21504K, reserved 1114112K
  class space    used 2824K, committed 3008K, reserved 1048576K
}
Event: 8.912 GC heap before
{Heap before GC invocations=4 (full 0):
 garbage-first heap   total 100352K, used 96495K [0x0000000700000000, 0x0000000800000000)
  region size 2048K, 36 young (73728K), 2 survivors (4096K)
 Metaspace       used 23050K, committed 23424K, reserved 1114112K
  class space    used 3072K, committed 3264K, reserved 1048576K
}
Event: 8.915 GC heap after
{Heap after GC invocations=5 (full 0):
 garbage-first heap   total 106496K, used 30416K [0x0000000700000000, 0x0000000800000000)
  region size 2048K, 3 young (6144K), 3 survivors (6144K)
 Metaspace       used 23050K, committed 23424K, reserved 1114112K
  class space    used 3072K, committed 3264K, reserved 1048576K
}

